2025-06-16 13:15:31,439 INFO supervisord started with pid 1
2025-06-16 13:15:32,441 INFO spawned: 'airflow' with pid 7
2025-06-16 13:15:32,443 INFO spawned: 'code-server' with pid 8
2025-06-16 13:15:32,445 INFO spawned: 'hadoop' with pid 9
2025-06-16 13:15:32,446 INFO spawned: 'kafka' with pid 10
2025-06-16 13:15:32,448 INFO spawned: 'kafka-zookeeper' with pid 12
2025-06-16 13:15:32,450 INFO spawned: 'metastore' with pid 14
2025-06-16 13:15:32,452 INFO spawned: 'spark' with pid 19
2025-06-16 13:15:33,514 INFO success: airflow entered RUNNING state, process has stayed up for > than 1 seconds (startsecs)
2025-06-16 13:15:33,514 INFO success: code-server entered RUNNING state, process has stayed up for > than 1 seconds (startsecs)
2025-06-16 13:15:33,514 INFO success: hadoop entered RUNNING state, process has stayed up for > than 1 seconds (startsecs)
2025-06-16 13:15:33,514 INFO success: kafka entered RUNNING state, process has stayed up for > than 1 seconds (startsecs)
2025-06-16 13:15:33,514 INFO success: kafka-zookeeper entered RUNNING state, process has stayed up for > than 1 seconds (startsecs)
2025-06-16 13:15:33,515 INFO success: metastore entered RUNNING state, process has stayed up for > than 1 seconds (startsecs)
2025-06-16 13:15:33,515 INFO success: spark entered RUNNING state, process has stayed up for > than 1 seconds (startsecs)
2025-06-16 13:15:35,990 INFO exited: spark (exit status 0; expected)
2025-06-16 13:15:53,775 INFO exited: metastore (exit status 1; not expected)
2025-06-16 13:15:53,799 INFO spawned: 'metastore' with pid 1424
2025-06-16 13:15:54,292 INFO exited: hadoop (exit status 1; not expected)
2025-06-16 13:15:54,828 INFO success: metastore entered RUNNING state, process has stayed up for > than 1 seconds (startsecs)
2025-06-16 13:16:02,724 INFO exited: metastore (exit status 1; not expected)
2025-06-16 13:16:03,725 INFO spawned: 'metastore' with pid 1551
2025-06-16 13:16:04,725 INFO success: metastore entered RUNNING state, process has stayed up for > than 1 seconds (startsecs)
2025-06-16 13:16:09,974 INFO exited: metastore (exit status 1; not expected)
2025-06-16 13:16:10,975 INFO spawned: 'metastore' with pid 1694
2025-06-16 13:16:12,908 INFO success: metastore entered RUNNING state, process has stayed up for > than 1 seconds (startsecs)
2025-06-16 13:16:16,674 INFO exited: metastore (exit status 1; not expected)
2025-06-16 13:16:17,676 INFO spawned: 'metastore' with pid 1800
2025-06-16 13:16:18,692 INFO success: metastore entered RUNNING state, process has stayed up for > than 1 seconds (startsecs)
2025-06-16 13:16:23,458 INFO exited: metastore (exit status 1; not expected)
2025-06-16 13:16:24,461 INFO spawned: 'metastore' with pid 1917
2025-06-16 13:16:26,410 INFO success: metastore entered RUNNING state, process has stayed up for > than 1 seconds (startsecs)
2025-06-16 13:16:30,036 INFO exited: metastore (exit status 1; not expected)
2025-06-16 13:16:30,037 INFO spawned: 'metastore' with pid 2008
2025-06-16 13:16:31,377 INFO success: metastore entered RUNNING state, process has stayed up for > than 1 seconds (startsecs)
2025-06-16 13:16:38,195 INFO exited: metastore (exit status 1; not expected)
2025-06-16 13:16:39,196 INFO spawned: 'metastore' with pid 2160
2025-06-16 13:16:41,115 INFO success: metastore entered RUNNING state, process has stayed up for > than 1 seconds (startsecs)
2025-06-16 13:16:44,977 INFO exited: metastore (exit status 1; not expected)
2025-06-16 13:16:45,979 INFO spawned: 'metastore' with pid 2263
2025-06-16 13:16:47,021 INFO success: metastore entered RUNNING state, process has stayed up for > than 1 seconds (startsecs)
2025-06-16 13:16:51,969 INFO exited: metastore (exit status 1; not expected)
2025-06-16 13:16:52,971 INFO spawned: 'metastore' with pid 2410
